
> @phoebus47/animated-grid@1.0.0 build-storybook C:\Users\USER\Side-Projects\Contributes\animated-grid
> storybook build "--output-dir=C:\\Users\\USER\\AppData\\Local\\Temp\\chromatic--27280-Izw8arM40veb"

[1m@storybook/core v8.6.14
[22m
info => Cleaning outputDir: [36m..\..\..\AppData\Local\Temp\chromatic--27280-Izw8arM40veb[39m
info => Loading presets
info => Building manager..
info => Manager built ([38;2;181;126;229m477 ms[39m)
info => Building preview..
info Using tsconfig paths for react-docgen
[36mvite v6.3.5 [32mbuilding for production...[36m[39m
transforming...
[32m✓[39m 110 modules transformed.
rendering chunks...
computing gzip size...
[2m../../../AppData/Local/Temp/chromatic--27280-Izw8arM40veb/[22m[32miframe.html                               [39m[1m[2m 17.60 kB[22m[1m[22m[2m │ gzip:   4.98 kB[22m
[2m../../../AppData/Local/Temp/chromatic--27280-Izw8arM40veb/[22m[36massets/preview-BFzpVMGc.js                [39m[1m[2m  0.14 kB[22m[1m[22m[2m │ gzip:   0.14 kB[22m
[2m../../../AppData/Local/Temp/chromatic--27280-Izw8arM40veb/[22m[36massets/preview-N1j9pG9L.js                [39m[1m[2m  0.16 kB[22m[1m[22m[2m │ gzip:   0.16 kB[22m
[2m../../../AppData/Local/Temp/chromatic--27280-Izw8arM40veb/[22m[36massets/preview-CvbIS5ZJ.js                [39m[1m[2m  0.18 kB[22m[1m[22m[2m │ gzip:   0.16 kB[22m
[2m../../../AppData/Local/Temp/chromatic--27280-Izw8arM40veb/[22m[36massets/index-B8rYRX2K.js                  [39m[1m[2m  0.42 kB[22m[1m[22m[2m │ gzip:   0.27 kB[22m
[2m../../../AppData/Local/Temp/chromatic--27280-Izw8arM40veb/[22m[36massets/chunk-XP5HYGXS-BpfKkqn7.js         [39m[1m[2m  0.71 kB[22m[1m[22m[2m │ gzip:   0.40 kB[22m
[2m../../../AppData/Local/Temp/chromatic--27280-Izw8arM40veb/[22m[36massets/preview-DGUiP6tS.js                [39m[1m[2m  0.71 kB[22m[1m[22m[2m │ gzip:   0.50 kB[22m
[2m../../../AppData/Local/Temp/chromatic--27280-Izw8arM40veb/[22m[36massets/jsx-runtime-D_zvdyIk.js            [39m[1m[2m  0.73 kB[22m[1m[22m[2m │ gzip:   0.46 kB[22m
[2m../../../AppData/Local/Temp/chromatic--27280-Izw8arM40veb/[22m[36massets/index-DrFu-skq.js                  [39m[1m[2m  0.77 kB[22m[1m[22m[2m │ gzip:   0.47 kB[22m
[2m../../../AppData/Local/Temp/chromatic--27280-Izw8arM40veb/[22m[36massets/preview-A5BLfVzp.js                [39m[1m[2m  0.87 kB[22m[1m[22m[2m │ gzip:   0.56 kB[22m
[2m../../../AppData/Local/Temp/chromatic--27280-Izw8arM40veb/[22m[36massets/test-utils--_O2wM1y.js             [39m[1m[2m  1.12 kB[22m[1m[22m[2m │ gzip:   0.69 kB[22m
[2m../../../AppData/Local/Temp/chromatic--27280-Izw8arM40veb/[22m[36massets/preview-DD_OYowb.js                [39m[1m[2m  3.51 kB[22m[1m[22m[2m │ gzip:   1.69 kB[22m
[2m../../../AppData/Local/Temp/chromatic--27280-Izw8arM40veb/[22m[36massets/preview-B8lJiyuQ.js                [39m[1m[2m  5.06 kB[22m[1m[22m[2m │ gzip:   1.88 kB[22m
[2m../../../AppData/Local/Temp/chromatic--27280-Izw8arM40veb/[22m[36massets/preview-BWzBA1C2.js                [39m[1m[2m  7.62 kB[22m[1m[22m[2m │ gzip:   1.56 kB[22m
[2m../../../AppData/Local/Temp/chromatic--27280-Izw8arM40veb/[22m[36massets/preview-BBWR9nbA.js                [39m[1m[2m  8.12 kB[22m[1m[22m[2m │ gzip:   3.10 kB[22m
[2m../../../AppData/Local/Temp/chromatic--27280-Izw8arM40veb/[22m[36massets/index-D4lIrffr.js                  [39m[1m[2m  8.40 kB[22m[1m[22m[2m │ gzip:   3.28 kB[22m
[2m../../../AppData/Local/Temp/chromatic--27280-Izw8arM40veb/[22m[36massets/AnimatedGrid.stories-Bo5mNH4S.js   [39m[1m[2m 19.28 kB[22m[1m[22m[2m │ gzip:   5.30 kB[22m
[2m../../../AppData/Local/Temp/chromatic--27280-Izw8arM40veb/[22m[36massets/Color-YHDXOIA2-4vmZmuU4.js         [39m[1m[2m 29.31 kB[22m[1m[22m[2m │ gzip:  11.04 kB[22m
[2m../../../AppData/Local/Temp/chromatic--27280-Izw8arM40veb/[22m[36massets/entry-preview-BfmuGxKV.js          [39m[1m[2m 29.75 kB[22m[1m[22m[2m │ gzip:   9.51 kB[22m
[2m../../../AppData/Local/Temp/chromatic--27280-Izw8arM40veb/[22m[36massets/index-CXQShRbs.js                  [39m[1m[2m 53.73 kB[22m[1m[22m[2m │ gzip:  15.55 kB[22m
[2m../../../AppData/Local/Temp/chromatic--27280-Izw8arM40veb/[22m[36massets/react-18-B_j_N3VT.js               [39m[1m[2m178.53 kB[22m[1m[22m[2m │ gzip:  56.31 kB[22m
[2m../../../AppData/Local/Temp/chromatic--27280-Izw8arM40veb/[22m[36massets/iframe-DOiHJNeu.js                 [39m[1m[2m211.85 kB[22m[1m[22m[2m │ gzip:  71.64 kB[22m
[2m../../../AppData/Local/Temp/chromatic--27280-Izw8arM40veb/[22m[36massets/entry-preview-docs-hFR7sEJd.js     [39m[1m[2m247.07 kB[22m[1m[22m[2m │ gzip:  73.42 kB[22m
[2m../../../AppData/Local/Temp/chromatic--27280-Izw8arM40veb/[22m[36massets/index-Bd6o6BX5.js                  [39m[1m[33m662.15 kB[39m[22m[2m │ gzip: 156.68 kB[22m
[2m../../../AppData/Local/Temp/chromatic--27280-Izw8arM40veb/[22m[36massets/DocsRenderer-CFRXHY34-CxtgguMI.js  [39m[1m[33m893.47 kB[39m[22m[2m │ gzip: 275.87 kB[22m
[32m✓ built in 6.95s[39m
info => Preview built ([38;2;181;126;229m11 s[39m)
info => Output directory: C:\Users\USER\AppData\Local\Temp\chromatic--27280-Izw8arM40veb
